<?xml version="1.0" encoding="UTF-8"?>
<!-- Generated by org.testng.reporters.JUnitReportReporter -->
<testsuite hostname="LAPTOP-V0HJLHIK" failures="0" tests="1" name="testscripts.ManageContactPageTest" time="4.671" errors="0" timestamp="2024-08-21T00:34:18 IST" skipped="0">
  <testcase classname="testscripts.ManageContactPageTest" name="verifyUpdateContact" time="4.671"/>
</testsuite> <!-- testscripts.ManageContactPageTest -->
