<?xml version="1.0" encoding="UTF-8"?>
<!-- Generated by org.testng.reporters.JUnitReportReporter -->
<testsuite hostname="LAPTOP-V0HJLHIK" failures="0" tests="1" name="testscripts.ManageFooterPageTest" time="17.812" errors="0" timestamp="2024-08-23T07:16:39 IST" skipped="0">
  <testcase classname="testscripts.ManageFooterPageTest" name="verifyEditFooterDetails" time="17.812"/>
</testsuite> <!-- testscripts.ManageFooterPageTest -->
