<?xml version="1.0" encoding="UTF-8"?>
<!-- Generated by org.testng.reporters.JUnitReportReporter -->
<testsuite hostname="LAPTOP-V0HJLHIK" failures="0" tests="1" name="testscripts.ManageSubCategoryTest" time="5.700" errors="0" timestamp="2024-08-21T00:02:59 IST" skipped="0">
  <testcase classname="testscripts.ManageSubCategoryTest" name="verifyAddSubcategory" time="5.700"/>
</testsuite> <!-- testscripts.ManageSubCategoryTest -->
