<?xml version="1.0" encoding="UTF-8"?>
<!-- Generated by org.testng.reporters.JUnitReportReporter -->
<testsuite hostname="LAPTOP-V0HJLHIK" failures="0" tests="1" name="testscripts.ManageCategoryPageTest" time="11.897" errors="0" timestamp="2024-08-22T09:11:42 IST" skipped="0">
  <testcase classname="testscripts.ManageCategoryPageTest" name="verifyAddCategory" time="11.897"/>
</testsuite> <!-- testscripts.ManageCategoryPageTest -->
