<?xml version="1.0" encoding="UTF-8"?>
<!-- Generated by org.testng.reporters.JUnitReportReporter -->
<testsuite hostname="LAPTOP-V0HJLHIK" failures="0" tests="1" name="testscripts.AdminUserPageTest" time="4.038" errors="0" timestamp="2024-08-21T00:39:07 IST" skipped="0">
  <testcase classname="testscripts.AdminUserPageTest" name="verifyCreateNewAdminUser" time="4.038"/>
</testsuite> <!-- testscripts.AdminUserPageTest -->
