<?xml version="1.0" encoding="UTF-8"?>
<!-- Generated by org.testng.reporters.JUnitReportReporter -->
<testsuite hostname="LAPTOP-V0HJLHIK" failures="0" tests="1" name="testscripts.ManageNewsPageTest" time="6.478" errors="0" timestamp="2024-08-19T22:12:35 IST" skipped="0">
  <testcase classname="testscripts.ManageNewsPageTest" name="verifyAddNews" time="6.478"/>
</testsuite> <!-- testscripts.ManageNewsPageTest -->
