<?xml version="1.0" encoding="UTF-8"?>
<!-- Generated by org.testng.reporters.JUnitReportReporter -->
<testsuite hostname="LAPTOP-V0HJLHIK" failures="0" tests="1" name="testscripts.SerchAdminUserPageTest" time="10.843" errors="0" timestamp="2024-09-12T08:52:09 IST" skipped="0">
  <testcase classname="testscripts.SerchAdminUserPageTest" name="adminusersearch" time="10.843"/>
</testsuite> <!-- testscripts.SerchAdminUserPageTest -->
