<?xml version="1.0" encoding="UTF-8"?>
<!-- Generated by org.testng.reporters.JUnitReportReporter -->
<testsuite hostname="LAPTOP-V0HJLHIK" failures="0" tests="1" name="testscripts.AdminUserPageTest" time="9.829" errors="0" timestamp="2024-08-16T22:50:37 IST" skipped="0">
  <testcase classname="testscripts.AdminUserPageTest" name="verifyCreateNewAdminUser" time="9.829"/>
</testsuite> <!-- testscripts.AdminUserPageTest -->
