<?xml version="1.0" encoding="UTF-8"?>
<!-- Generated by org.testng.reporters.JUnitReportReporter -->
<testsuite hostname="LAPTOP-V0HJLHIK" failures="0" tests="4" name="testscripts.LoginPageTest" time="11.300" errors="0" timestamp="2024-08-22T00:00:20 IST" skipped="0">
  <testcase classname="testscripts.LoginPageTest" name="verifyEnterValidUsernameAndInvalidPassword" time="4.529"/>
  <testcase classname="testscripts.LoginPageTest" name="verifyEnterInvalidUsernameAndValidPassword" time="2.197"/>
  <testcase classname="testscripts.LoginPageTest" name="verifyEnterInvalidUsernameAndInvalidPassword" time="2.215"/>
  <testcase classname="testscripts.LoginPageTest" name="verifyEnterValidUsernameAndPassword" time="2.359"/>
</testsuite> <!-- testscripts.LoginPageTest -->
