<?xml version="1.0" encoding="UTF-8"?>
<!-- Generated by org.testng.reporters.JUnitReportReporter -->
<testsuite hostname="LAPTOP-V0HJLHIK" failures="0" tests="1" name="testscripts.ManageSubCategoryTest" time="10.782" errors="0" timestamp="2024-08-22T09:41:02 IST" skipped="0">
  <testcase classname="testscripts.ManageSubCategoryTest" name="verifyAddSubcategory" time="10.782"/>
</testsuite> <!-- testscripts.ManageSubCategoryTest -->
