<?xml version="1.0" encoding="UTF-8"?>
<!-- Generated by org.testng.reporters.JUnitReportReporter -->
<testsuite hostname="LAPTOP-V0HJLHIK" failures="0" tests="1" name="testscripts.LoginPageTest" time="7.382" errors="0" timestamp="2024-09-10T00:43:12 IST" skipped="0">
  <testcase classname="testscripts.LoginPageTest" name="verifyEnterValidUsernameAndValidPassword" time="7.382"/>
</testsuite> <!-- testscripts.LoginPageTest -->
