<?xml version="1.0" encoding="UTF-8"?>
<!-- Generated by org.testng.reporters.JUnitReportReporter -->
<testsuite hostname="LAPTOP-V0HJLHIK" failures="0" tests="1" name="testscripts.ManageCategoryPageTest" time="9.582" errors="0" timestamp="2024-08-18T22:40:58 IST" skipped="0">
  <testcase classname="testscripts.ManageCategoryPageTest" name="verifyAddCategory" time="9.582"/>
</testsuite> <!-- testscripts.ManageCategoryPageTest -->
