<?xml version="1.0" encoding="UTF-8"?>
<!-- Generated by org.testng.reporters.JUnitReportReporter -->
<testsuite hostname="LAPTOP-V0HJLHIK" failures="0" tests="1" name="testscripts.ManageContactPageTest" time="11.701" errors="0" timestamp="2024-08-22T09:09:56 IST" skipped="0">
  <testcase classname="testscripts.ManageContactPageTest" name="verifyUpdateContact" time="11.701"/>
</testsuite> <!-- testscripts.ManageContactPageTest -->
