<?xml version="1.0" encoding="UTF-8"?>
<!-- Generated by org.testng.reporters.JUnitReportReporter -->
<testsuite hostname="LAPTOP-V0HJLHIK" failures="0" tests="3" name="testscripts.LoginPageTest" time="13.254" errors="0" timestamp="2024-08-15T20:59:22 IST" skipped="0">
  <testcase classname="testscripts.LoginPageTest" name="verifyEnterValidUsernameAndPassword" time="7.971"/>
  <testcase classname="testscripts.LoginPageTest" name="verifyremembermeCheckbox" time="2.264"/>
  <testcase classname="testscripts.LoginPageTest" name="verifyEnterValidUsernameAndInvalidPassword" time="3.019"/>
</testsuite> <!-- testscripts.LoginPageTest -->
