<?xml version="1.0" encoding="UTF-8"?>
<!-- Generated by org.testng.reporters.JUnitReportReporter -->
<testsuite hostname="LAPTOP-V0HJLHIK" failures="0" tests="1" name="testscripts.AdminUserPageTest" time="10.461" errors="0" timestamp="2024-09-12T08:49:40 IST" skipped="0">
  <testcase classname="testscripts.AdminUserPageTest" name="verifyCreateNewAdminUser" time="10.461"/>
</testsuite> <!-- testscripts.AdminUserPageTest -->
