<?xml version="1.0" encoding="UTF-8"?>
<!-- Generated by org.testng.reporters.JUnitReportReporter -->
<testsuite hostname="LAPTOP-V0HJLHIK" failures="0" tests="1" name="testscripts.LoginPageTest" time="7.401" errors="0" timestamp="2024-08-12T08:11:20 IST" skipped="0">
  <testcase classname="testscripts.LoginPageTest" name="verifyEnterValidUsernameAndPassword" time="7.401"/>
</testsuite> <!-- testscripts.LoginPageTest -->
