<?xml version="1.0" encoding="UTF-8"?>
<!-- Generated by org.testng.reporters.JUnitReportReporter -->
<testsuite hostname="LAPTOP-V0HJLHIK" failures="0" tests="1" name="testscripts.ManageCategoryPageTest" time="7.171" errors="0" timestamp="2024-08-21T00:59:07 IST" skipped="0">
  <testcase classname="testscripts.ManageCategoryPageTest" name="verifyAddCategory" time="7.171"/>
</testsuite> <!-- testscripts.ManageCategoryPageTest -->
